<?xml version="1.0" encoding="UTF-8"?>
<!-- Generated by org.testng.reporters.JUnitReportReporter -->
<testsuite hostname="TheKnight" failures="0" tests="2" name="test.UserDAOTest" time="0.609" errors="0" timestamp="2024-07-30T22:19:11 IST" skipped="0">
  <testcase classname="test.UserDAOTest" name="testGetUserById" time="0.556"/>
  <system-out/>
  <testcase classname="test.UserDAOTest" name="testGetUserByName" time="0.053"/>
  <system-out/>
</testsuite> <!-- test.UserDAOTest -->
